<?xml version="1.0" encoding="UTF-8"?>
<!-- Generated by org.testng.reporters.JUnitReportReporter -->
<testsuite hostname="DESKTOP-Q80J051" failures="0" tests="2" name="testCases.TestNG2" time="0.021" errors="0" timestamp="2023-03-10T10:57:34 PST" skipped="0">
  <testcase classname="testCases.TestNG2" name="test2" time="0.007"/>
  <system-out/>
  <testcase classname="testCases.TestNG2" name="test1" time="0.014"/>
  <system-out/>
</testsuite> <!-- testCases.TestNG2 -->
