<?xml version="1.0" encoding="UTF-8"?>
<!-- Generated by org.testng.reporters.JUnitReportReporter -->
<testsuite hostname="DESKTOP-Q80J051" failures="0" tests="2" name="testCases.TestNG" time="0.016" errors="0" timestamp="2023-03-09T17:44:25 PST" skipped="0">
  <testcase classname="testCases.TestNG" name="Test2" time="0.008"/>
  <system-out/>
  <testcase classname="testCases.TestNG" name="Test1" time="0.008"/>
  <system-out/>
</testsuite> <!-- testCases.TestNG -->
